Added Component: Designator=PC817(PC817)
Added Component: Designator=R1(Stackpole_Electronics_Inc._CF14JT1K00_0)
Add component (AddParameter): Name = "ComponentLink1Description"; Value = "Upverter"; VariantName = "[No Variations]"
Add component (AddParameter): Name = "ComponentLink1URL"; Value = "https://upverter.com/upn/revision/429fdfafcb133a34/"; VariantName = "[No Variations]"
Add component (AddParameter): Name = "ComponentLink2Description"; Value = "Datasheet"; VariantName = "[No Variations]"
Add component (AddParameter): Name = "ComponentLink2URL"; Value = "https://www.seielect.com/catalog/SEI-CF_CFM.pdf"; VariantName = "[No Variations]"
Add component (AddParameter): Name = "Digikey Description"; Value = "RES 1K OHM 1/4W 5% CARBON FILM"; VariantName = "[No Variations]"
Add component (AddParameter): Name = "Digikey Part Number"; Value = "CF14JT1K00CT-ND"; VariantName = "[No Variations]"
Add component (AddParameter): Name = "helpURL"; Value = "https://upverter.com/upn/revision/429fdfafcb133a34/"; VariantName = "[No Variations]"
Add component (AddParameter): Name = "Ipc Land Pattern Name"; Value = "RESAD956W80L600D230"; VariantName = "[No Variations]"
Add component (AddParameter): Name = "Lead Free"; Value = "yes"; VariantName = "[No Variations]"
Add component (AddParameter): Name = "Manufacturer"; Value = "Stackpole Electronics Inc."; VariantName = "[No Variations]"
Add component (AddParameter): Name = "Package"; Value = "Axial"; VariantName = "[No Variations]"
Add component (AddParameter): Name = "Part Number"; Value = "CF14JT1K00"; VariantName = "[No Variations]"
Add component (AddParameter): Name = "Power"; Value = "250mW"; VariantName = "[No Variations]"
Add component (AddParameter): Name = "Price"; Value = "0.018380078196"; VariantName = "[No Variations]"
Add component (AddParameter): Name = "Resistance"; Value = "100O"; VariantName = "[No Variations]"
Add component (AddParameter): Name = "RoHS"; Value = "TRUE"; VariantName = "[No Variations]"
Add component (AddParameter): Name = "Supplier 1"; Value = "Digi-Key"; VariantName = "[No Variations]"
Add component (AddParameter): Name = "Supplier 2"; Value = "Mouser"; VariantName = "[No Variations]"
Add component (AddParameter): Name = "Supplier Part Number 1"; Value = "CF14JT1K00CT-ND"; VariantName = "[No Variations]"
Add component (AddParameter): Name = "Supplier Part Number 2"; Value = ""; VariantName = "[No Variations]"
Add component (AddParameter): Name = "Temperature"; Value = "-55°C to +155°C"; VariantName = "[No Variations]"
Add component (AddParameter): Name = "Temperature Coefficient"; Value = "0/ -400ppm/°C"; VariantName = "[No Variations]"
Add component (AddParameter): Name = "Temperature Range High"; Value = "+155°C"; VariantName = "[No Variations]"
Add component (AddParameter): Name = "Temperature Range Low"; Value = "-55°C"; VariantName = "[No Variations]"
Add component (AddParameter): Name = "Tolerance"; Value = "±5%"; VariantName = "[No Variations]"
Add component (AddParameter): Name = "Value"; Value = "1KO"; VariantName = "[No Variations]"
Added Component: Designator=R2(Stackpole_Electronics_Inc._CF14JT1K00_0)
Add component (AddParameter): Name = "ComponentLink1Description"; Value = "Upverter"; VariantName = "[No Variations]"
Add component (AddParameter): Name = "ComponentLink1URL"; Value = "https://upverter.com/upn/revision/429fdfafcb133a34/"; VariantName = "[No Variations]"
Add component (AddParameter): Name = "ComponentLink2Description"; Value = "Datasheet"; VariantName = "[No Variations]"
Add component (AddParameter): Name = "ComponentLink2URL"; Value = "https://www.seielect.com/catalog/SEI-CF_CFM.pdf"; VariantName = "[No Variations]"
Add component (AddParameter): Name = "Digikey Description"; Value = "RES 1K OHM 1/4W 5% CARBON FILM"; VariantName = "[No Variations]"
Add component (AddParameter): Name = "Digikey Part Number"; Value = "CF14JT1K00CT-ND"; VariantName = "[No Variations]"
Add component (AddParameter): Name = "helpURL"; Value = "https://upverter.com/upn/revision/429fdfafcb133a34/"; VariantName = "[No Variations]"
Add component (AddParameter): Name = "Ipc Land Pattern Name"; Value = "RESAD956W80L600D230"; VariantName = "[No Variations]"
Add component (AddParameter): Name = "Lead Free"; Value = "yes"; VariantName = "[No Variations]"
Add component (AddParameter): Name = "Manufacturer"; Value = "Stackpole Electronics Inc."; VariantName = "[No Variations]"
Add component (AddParameter): Name = "Package"; Value = "Axial"; VariantName = "[No Variations]"
Add component (AddParameter): Name = "Part Number"; Value = "CF14JT1K00"; VariantName = "[No Variations]"
Add component (AddParameter): Name = "Power"; Value = "250mW"; VariantName = "[No Variations]"
Add component (AddParameter): Name = "Price"; Value = "0.018380078196"; VariantName = "[No Variations]"
Add component (AddParameter): Name = "Resistance"; Value = "1KO"; VariantName = "[No Variations]"
Add component (AddParameter): Name = "RoHS"; Value = "TRUE"; VariantName = "[No Variations]"
Add component (AddParameter): Name = "Supplier 1"; Value = "Digi-Key"; VariantName = "[No Variations]"
Add component (AddParameter): Name = "Supplier 2"; Value = "Mouser"; VariantName = "[No Variations]"
Add component (AddParameter): Name = "Supplier Part Number 1"; Value = "CF14JT1K00CT-ND"; VariantName = "[No Variations]"
Add component (AddParameter): Name = "Supplier Part Number 2"; Value = ""; VariantName = "[No Variations]"
Add component (AddParameter): Name = "Temperature"; Value = "-55°C to +155°C"; VariantName = "[No Variations]"
Add component (AddParameter): Name = "Temperature Coefficient"; Value = "0/ -400ppm/°C"; VariantName = "[No Variations]"
Add component (AddParameter): Name = "Temperature Range High"; Value = "+155°C"; VariantName = "[No Variations]"
Add component (AddParameter): Name = "Temperature Range Low"; Value = "-55°C"; VariantName = "[No Variations]"
Add component (AddParameter): Name = "Tolerance"; Value = "±5%"; VariantName = "[No Variations]"
Add component (AddParameter): Name = "Value"; Value = "1KO"; VariantName = "[No Variations]"
Added Component: Designator=R3(Stackpole_Electronics_Inc._CF14JT1K00_0)
Add component (AddParameter): Name = "ComponentLink1Description"; Value = "Upverter"; VariantName = "[No Variations]"
Add component (AddParameter): Name = "ComponentLink1URL"; Value = "https://upverter.com/upn/revision/429fdfafcb133a34/"; VariantName = "[No Variations]"
Add component (AddParameter): Name = "ComponentLink2Description"; Value = "Datasheet"; VariantName = "[No Variations]"
Add component (AddParameter): Name = "ComponentLink2URL"; Value = "https://www.seielect.com/catalog/SEI-CF_CFM.pdf"; VariantName = "[No Variations]"
Add component (AddParameter): Name = "Digikey Description"; Value = "RES 1K OHM 1/4W 5% CARBON FILM"; VariantName = "[No Variations]"
Add component (AddParameter): Name = "Digikey Part Number"; Value = "CF14JT1K00CT-ND"; VariantName = "[No Variations]"
Add component (AddParameter): Name = "helpURL"; Value = "https://upverter.com/upn/revision/429fdfafcb133a34/"; VariantName = "[No Variations]"
Add component (AddParameter): Name = "Ipc Land Pattern Name"; Value = "RESAD956W80L600D230"; VariantName = "[No Variations]"
Add component (AddParameter): Name = "Lead Free"; Value = "yes"; VariantName = "[No Variations]"
Add component (AddParameter): Name = "Manufacturer"; Value = "Stackpole Electronics Inc."; VariantName = "[No Variations]"
Add component (AddParameter): Name = "Package"; Value = "Axial"; VariantName = "[No Variations]"
Add component (AddParameter): Name = "Part Number"; Value = "CF14JT1K00"; VariantName = "[No Variations]"
Add component (AddParameter): Name = "Power"; Value = "250mW"; VariantName = "[No Variations]"
Add component (AddParameter): Name = "Price"; Value = "0.018380078196"; VariantName = "[No Variations]"
Add component (AddParameter): Name = "Resistance"; Value = "10KO"; VariantName = "[No Variations]"
Add component (AddParameter): Name = "RoHS"; Value = "TRUE"; VariantName = "[No Variations]"
Add component (AddParameter): Name = "Supplier 1"; Value = "Digi-Key"; VariantName = "[No Variations]"
Add component (AddParameter): Name = "Supplier 2"; Value = "Mouser"; VariantName = "[No Variations]"
Add component (AddParameter): Name = "Supplier Part Number 1"; Value = "CF14JT1K00CT-ND"; VariantName = "[No Variations]"
Add component (AddParameter): Name = "Supplier Part Number 2"; Value = ""; VariantName = "[No Variations]"
Add component (AddParameter): Name = "Temperature"; Value = "-55°C to +155°C"; VariantName = "[No Variations]"
Add component (AddParameter): Name = "Temperature Coefficient"; Value = "0/ -400ppm/°C"; VariantName = "[No Variations]"
Add component (AddParameter): Name = "Temperature Range High"; Value = "+155°C"; VariantName = "[No Variations]"
Add component (AddParameter): Name = "Temperature Range Low"; Value = "-55°C"; VariantName = "[No Variations]"
Add component (AddParameter): Name = "Tolerance"; Value = "±5%"; VariantName = "[No Variations]"
Add component (AddParameter): Name = "Value"; Value = "1KO"; VariantName = "[No Variations]"
Added Component: Designator=R4(Stackpole_Electronics_Inc._CF14JT1K00_0)
Add component (AddParameter): Name = "ComponentLink1Description"; Value = "Upverter"; VariantName = "[No Variations]"
Add component (AddParameter): Name = "ComponentLink1URL"; Value = "https://upverter.com/upn/revision/429fdfafcb133a34/"; VariantName = "[No Variations]"
Add component (AddParameter): Name = "ComponentLink2Description"; Value = "Datasheet"; VariantName = "[No Variations]"
Add component (AddParameter): Name = "ComponentLink2URL"; Value = "https://www.seielect.com/catalog/SEI-CF_CFM.pdf"; VariantName = "[No Variations]"
Add component (AddParameter): Name = "Digikey Description"; Value = "RES 1K OHM 1/4W 5% CARBON FILM"; VariantName = "[No Variations]"
Add component (AddParameter): Name = "Digikey Part Number"; Value = "CF14JT1K00CT-ND"; VariantName = "[No Variations]"
Add component (AddParameter): Name = "helpURL"; Value = "https://upverter.com/upn/revision/429fdfafcb133a34/"; VariantName = "[No Variations]"
Add component (AddParameter): Name = "Ipc Land Pattern Name"; Value = "RESAD956W80L600D230"; VariantName = "[No Variations]"
Add component (AddParameter): Name = "Lead Free"; Value = "yes"; VariantName = "[No Variations]"
Add component (AddParameter): Name = "Manufacturer"; Value = "Stackpole Electronics Inc."; VariantName = "[No Variations]"
Add component (AddParameter): Name = "Package"; Value = "Axial"; VariantName = "[No Variations]"
Add component (AddParameter): Name = "Part Number"; Value = "CF14JT1K00"; VariantName = "[No Variations]"
Add component (AddParameter): Name = "Power"; Value = "250mW"; VariantName = "[No Variations]"
Add component (AddParameter): Name = "Price"; Value = "0.018380078196"; VariantName = "[No Variations]"
Add component (AddParameter): Name = "Resistance"; Value = "680O"; VariantName = "[No Variations]"
Add component (AddParameter): Name = "RoHS"; Value = "TRUE"; VariantName = "[No Variations]"
Add component (AddParameter): Name = "Supplier 1"; Value = "Digi-Key"; VariantName = "[No Variations]"
Add component (AddParameter): Name = "Supplier 2"; Value = "Mouser"; VariantName = "[No Variations]"
Add component (AddParameter): Name = "Supplier Part Number 1"; Value = "CF14JT1K00CT-ND"; VariantName = "[No Variations]"
Add component (AddParameter): Name = "Supplier Part Number 2"; Value = ""; VariantName = "[No Variations]"
Add component (AddParameter): Name = "Temperature"; Value = "-55°C to +155°C"; VariantName = "[No Variations]"
Add component (AddParameter): Name = "Temperature Coefficient"; Value = "0/ -400ppm/°C"; VariantName = "[No Variations]"
Add component (AddParameter): Name = "Temperature Range High"; Value = "+155°C"; VariantName = "[No Variations]"
Add component (AddParameter): Name = "Temperature Range Low"; Value = "-55°C"; VariantName = "[No Variations]"
Add component (AddParameter): Name = "Tolerance"; Value = "±5%"; VariantName = "[No Variations]"
Add component (AddParameter): Name = "Value"; Value = "1KO"; VariantName = "[No Variations]"
Added Component: Designator=VT1(RFZ44N)
Added Pin To Net: NetName=+12 Pin=R3-2
Added Net: Name=+12
Added Pin To Net: NetName=+ PWM Pin=R4-1
Added Net: Name=+ PWM
Added Pin To Net: NetName=- PWM Pin=PC817-2
Added Net: Name=- PWM
Added Pin To Net: NetName=GND Pin=R2-1
Added Pin To Net: NetName=GND Pin=VT1-3
Added Net: Name=GND
Added Pin To Net: NetName=NetPC817_1 Pin=PC817-1
Added Pin To Net: NetName=NetPC817_1 Pin=R4-2
Added Net: Name=NetPC817_1
Added Pin To Net: NetName=NetPC817_3 Pin=PC817-3
Added Pin To Net: NetName=NetPC817_3 Pin=R1-1
Added Pin To Net: NetName=NetPC817_3 Pin=R2-2
Added Net: Name=NetPC817_3
Added Pin To Net: NetName=NetPC817_4 Pin=PC817-4
Added Pin To Net: NetName=NetPC817_4 Pin=R3-1
Added Net: Name=NetPC817_4
Added Pin To Net: NetName=NetR1_2 Pin=R1-2
Added Pin To Net: NetName=NetR1_2 Pin=VT1-1
Added Net: Name=NetR1_2
Added Class: Name=Sheet1
Added Room: Name=Sheet1
