Removed Pin From Net: NetName=+9 Pin=D1-2
Removed Pin From Net: NetName=+9 Pin=D2-1
Removed Pin From Net: NetName=GND Pin=P1-1
Removed Pin From Net: NetName=+9 Pin=P1-3
Change Component Footprint: Designator=J2 Old Footprint=TE_826926-2_0 New Footprint=Phoenix_Contact_1729018_0
Change Component Comment : Designator=J2 Old Comment=PH 2pin New Comment=TB 2pin
Added Component: Designator=D3(Avago_HLMP-3301_MFG)
Added Component: Designator=J3(Phoenix_Contact_0_MFG)
Added Pin To Net: NetName=+9 Pin=D3-2
Added Pin To Net: NetName=GND Pin=J3-3
Added Pin To Net: NetName=NetD1_2 Pin=D1-2
Added Pin To Net: NetName=NetD1_2 Pin=D2-1
Added Pin To Net: NetName=NetD1_2 Pin=J3-1
Added Pin To Net: NetName=NetD1_2 Pin=P1-2
Added Net: Name=NetD1_2
Added Pin To Net: NetName=NetD3_1 Pin=D3-1
Added Pin To Net: NetName=NetD3_1 Pin=P1-1
Added Net: Name=NetD3_1
Added Pin To Net: NetName=NetJ3_2 Pin=J3-2
Added Pin To Net: NetName=NetJ3_2 Pin=R1-1
Added Net: Name=NetJ3_2
Added Member To Class: ClassName=Sheet1 Member=Component D3 Red Led 5mm
Added Member To Class: ClassName=Sheet1 Member=Component J3 TB 3pin
Added Room: Name=Sheet1
