Added Component: Designator=R50(Stackpole_Electronics_Inc._CF14JT1K00_0)
Add component (AddParameter): Name = "ComponentLink1Description"; Value = "Upverter"; VariantName = "[No Variations]"
Add component (AddParameter): Name = "ComponentLink1URL"; Value = "https://upverter.com/upn/revision/429fdfafcb133a34/"; VariantName = "[No Variations]"
Add component (AddParameter): Name = "ComponentLink2Description"; Value = "Datasheet"; VariantName = "[No Variations]"
Add component (AddParameter): Name = "ComponentLink2URL"; Value = "https://www.seielect.com/catalog/SEI-CF_CFM.pdf"; VariantName = "[No Variations]"
Add component (AddParameter): Name = "Digikey Description"; Value = "RES 1K OHM 1/4W 5% CARBON FILM"; VariantName = "[No Variations]"
Add component (AddParameter): Name = "Digikey Part Number"; Value = "CF14JT1K00CT-ND"; VariantName = "[No Variations]"
Add component (AddParameter): Name = "helpURL"; Value = "https://upverter.com/upn/revision/429fdfafcb133a34/"; VariantName = "[No Variations]"
Add component (AddParameter): Name = "Ipc Land Pattern Name"; Value = "RESAD956W80L600D230"; VariantName = "[No Variations]"
Add component (AddParameter): Name = "Lead Free"; Value = "yes"; VariantName = "[No Variations]"
Add component (AddParameter): Name = "Manufacturer"; Value = "Stackpole Electronics Inc."; VariantName = "[No Variations]"
Add component (AddParameter): Name = "Package"; Value = "Axial"; VariantName = "[No Variations]"
Add component (AddParameter): Name = "Part Number"; Value = "CF14JT1K00"; VariantName = "[No Variations]"
Add component (AddParameter): Name = "Power"; Value = "250mW"; VariantName = "[No Variations]"
Add component (AddParameter): Name = "Price"; Value = "0.018380078196"; VariantName = "[No Variations]"
Add component (AddParameter): Name = "Resistance"; Value = "1KO"; VariantName = "[No Variations]"
Add component (AddParameter): Name = "RoHS"; Value = "TRUE"; VariantName = "[No Variations]"
Add component (AddParameter): Name = "Supplier 1"; Value = "Digi-Key"; VariantName = "[No Variations]"
Add component (AddParameter): Name = "Supplier 2"; Value = "Mouser"; VariantName = "[No Variations]"
Add component (AddParameter): Name = "Supplier Part Number 1"; Value = "CF14JT1K00CT-ND"; VariantName = "[No Variations]"
Add component (AddParameter): Name = "Supplier Part Number 2"; Value = ""; VariantName = "[No Variations]"
Add component (AddParameter): Name = "Temperature"; Value = "-55°C to +155°C"; VariantName = "[No Variations]"
Add component (AddParameter): Name = "Temperature Coefficient"; Value = "0/ -400ppm/°C"; VariantName = "[No Variations]"
Add component (AddParameter): Name = "Temperature Range High"; Value = "+155°C"; VariantName = "[No Variations]"
Add component (AddParameter): Name = "Temperature Range Low"; Value = "-55°C"; VariantName = "[No Variations]"
Add component (AddParameter): Name = "Tolerance"; Value = "±5%"; VariantName = "[No Variations]"
Add component (AddParameter): Name = "Value"; Value = "1KO"; VariantName = "[No Variations]"
Added Pin To Net: NetName=NetR50_1 Pin=R50-1
Added Pin To Net: NetName=NetR50_1 Pin=S1-1
Added Net: Name=NetR50_1
Added Pin To Net: NetName=NetR50_2 Pin=R50-2
Added Pin To Net: NetName=NetR50_2 Pin=U1-1
Added Net: Name=NetR50_2
Added Member To Class: ClassName=Sheet1 Member=Component R50 RES 1K OHM 1/4W
Added Room: Name=Sheet1
