Added Component: Designator=J7(TB 12pin)
Add component (AddParameter): Name = "ComponentLink1Description"; Value = "Upverter"; VariantName = "[No Variations]"
Add component (AddParameter): Name = "ComponentLink1URL"; Value = "https://upverter.com/upn/revision/253835f9054f6f6c/"; VariantName = "[No Variations]"
Add component (AddParameter): Name = "ComponentLink2Description"; Value = "Datasheet"; VariantName = "[No Variations]"
Add component (AddParameter): Name = "ComponentLink2URL"; Value = "https://www.phoenixcontact.com/online/portal/us?urile=pxc-oc-itemdetail:pid=1792960&library=usen&tab=1"; VariantName = "[No Variations]"
Add component (AddParameter): Name = "Current"; Value = "10A"; VariantName = "[No Variations]"
Add component (AddParameter): Name = "Digikey Description"; Value = "CONN 12 Position Wire to Board Terminal Block Horizontal with Board 0.197" (5.00mm) Through Hole"; VariantName = "[No Variations]"
Add component (AddParameter): Name = "Digikey Part Number"; Value = "277-2528-ND"; VariantName = "[No Variations]"
Add component (AddParameter): Name = "helpURL"; Value = "https://upverter.com/upn/revision/253835f9054f6f6c/"; VariantName = "[No Variations]"
Add component (AddParameter): Name = "Is Female"; Value = "yes"; VariantName = "[No Variations]"
Add component (AddParameter): Name = "Lead Free"; Value = "yes"; VariantName = "[No Variations]"
Add component (AddParameter): Name = "Manufacturer"; Value = "Phoenix Contact"; VariantName = "[No Variations]"
Add component (AddParameter): Name = "Mouser Part Number"; Value = "651-1792960"; VariantName = "[No Variations]"
Add component (AddParameter): Name = "Number of Levels"; Value = "1"; VariantName = "[No Variations]"
Add component (AddParameter): Name = "Package"; Value = "POS12"; VariantName = "[No Variations]"
Add component (AddParameter): Name = "Part Number"; Value = ""; VariantName = "[No Variations]"
Add component (AddParameter): Name = "Pitch"; Value = "5.00mm"; VariantName = "[No Variations]"
Add component (AddParameter): Name = "Positions Per Level"; Value = "12"; VariantName = "[No Variations]"
Add component (AddParameter): Name = "Price"; Value = "1.52293932259"; VariantName = "[No Variations]"
Add component (AddParameter): Name = "RoHS"; Value = "TRUE"; VariantName = "[No Variations]"
Add component (AddParameter): Name = "Supplier 1"; Value = "Digi-Key"; VariantName = "[No Variations]"
Add component (AddParameter): Name = "Supplier 2"; Value = "Mouser"; VariantName = "[No Variations]"
Add component (AddParameter): Name = "Supplier Part Number 1"; Value = "277-2528-ND"; VariantName = "[No Variations]"
Add component (AddParameter): Name = "Supplier Part Number 2"; Value = "651-1792960"; VariantName = "[No Variations]"
Add component (AddParameter): Name = "Temperature"; Value = "to"; VariantName = "[No Variations]"
Add component (AddParameter): Name = "Voltage"; Value = "300V"; VariantName = "[No Variations]"
Add component (AddParameter): Name = "Wire Gauge"; Value = "14-26 AWG"; VariantName = "[No Variations]"
Added Pin To Net: NetName=+12 Pin=J7-1
Added Pin To Net: NetName=+12 Pin=J7-2
Added Pin To Net: NetName=+12 Pin=J7-3
Added Pin To Net: NetName=+12 Pin=J7-4
Added Pin To Net: NetName=+12 Pin=J7-5
Added Pin To Net: NetName=+12 Pin=J7-6
Added Pin To Net: NetName=+12 Pin=J7-7
Added Pin To Net: NetName=+12 Pin=J7-8
Added Pin To Net: NetName=+12 Pin=J7-9
Added Pin To Net: NetName=+12 Pin=J7-10
Added Pin To Net: NetName=+12 Pin=J7-11
Added Pin To Net: NetName=+12 Pin=J7-12
Added Member To Class: ClassName=Sheet1 Member=Component J7 TB 12pin
Added Room: Name=Sheet1
