Removed Pin From Net: NetName=GND Pin=D3-2
Removed Pin From Net: NetName=GND Pin=D4-2
Removed Pin From Net: NetName=GND Pin=D5-2
Removed Pin From Net: NetName=GND Pin=D6-2
Removed Pin From Net: NetName=GND Pin=D7-2
Removed Pin From Net: NetName=GND Pin=D8-2
Removed Pin From Net: NetName=GND Pin=D9-2
Removed Pin From Net: NetName=GND Pin=D10-2
Removed Pin From Net: NetName=GND Pin=D11-2
Removed Pin From Net: NetName=GND Pin=D12-2
Removed Pin From Net: NetName=GND Pin=D14-2
Removed Pin From Net: NetName=GND Pin=D15-2
Removed Pin From Net: NetName=GND Pin=D16-2
Removed Pin From Net: NetName=GND Pin=D17-2
Removed Pin From Net: NetName=GND Pin=D18-2
Removed Pin From Net: NetName=GND Pin=D19-2
Removed Pin From Net: NetName=GND Pin=D20-2
Removed Pin From Net: NetName=GND Pin=D21-2
Removed Pin From Net: NetName=GND Pin=D22-2
Removed Pin From Net: NetName=GND Pin=D23-2
Removed Pin From Net: NetName=GND Pin=D24-2
Removed Pin From Net: NetName=GND Pin=D25-2
Removed Pin From Net: NetName=GND Pin=D26-2
Removed Pin From Net: NetName=GND Pin=D27-2
Removed Pin From Net: NetName=+12 Pin=J7-1
Removed Pin From Net: NetName=+12 Pin=J7-2
Removed Pin From Net: NetName=+12 Pin=J7-3
Removed Pin From Net: NetName=+12 Pin=J7-4
Removed Pin From Net: NetName=+12 Pin=J7-5
Removed Pin From Net: NetName=+12 Pin=J7-6
Removed Pin From Net: NetName=+12 Pin=J7-7
Removed Pin From Net: NetName=+12 Pin=J7-8
Removed Pin From Net: NetName=+12 Pin=J7-9
Removed Pin From Net: NetName=+12 Pin=J7-10
Removed Pin From Net: NetName=+12 Pin=J7-11
Removed Pin From Net: NetName=+12 Pin=J7-12
Removed Pin From Net: NetName=+12 Pin=J8-1
Removed Pin From Net: NetName=+12 Pin=J8-2
Removed Pin From Net: NetName=+12 Pin=J8-3
Removed Pin From Net: NetName=+12 Pin=J8-4
Removed Pin From Net: NetName=+12 Pin=J8-5
Removed Pin From Net: NetName=+12 Pin=J8-6
Removed Pin From Net: NetName=+12 Pin=J8-7
Removed Pin From Net: NetName=+12 Pin=J8-8
Removed Pin From Net: NetName=+12 Pin=J8-9
Removed Pin From Net: NetName=+12 Pin=J8-10
Removed Pin From Net: NetName=+12 Pin=J8-11
Removed Pin From Net: NetName=+12 Pin=J8-12
Removed Pin From Net: NetName=GND Pin=Q5-2
Removed Pin From Net: NetName=GND Pin=Q6-2
Removed Pin From Net: NetName=GND Pin=Q7-2
Removed Pin From Net: NetName=GND Pin=Q8-2
Removed Pin From Net: NetName=GND Pin=Q13-2
Removed Pin From Net: NetName=GND Pin=Q14-2
Removed Pin From Net: NetName=GND Pin=Q15-2
Removed Pin From Net: NetName=GND Pin=Q16-2
Removed Pin From Net: NetName=GND Pin=Q21-2
Removed Pin From Net: NetName=GND Pin=Q22-2
Removed Pin From Net: NetName=GND Pin=Q23-2
Removed Pin From Net: NetName=GND Pin=Q24-2
Removed Pin From Net: NetName=GND Pin=Q29-2
Removed Pin From Net: NetName=GND Pin=Q30-2
Removed Pin From Net: NetName=GND Pin=Q31-2
Removed Pin From Net: NetName=GND Pin=Q32-2
Removed Pin From Net: NetName=GND Pin=Q37-2
Removed Pin From Net: NetName=GND Pin=Q38-2
Removed Pin From Net: NetName=GND Pin=Q39-2
Removed Pin From Net: NetName=GND Pin=Q40-2
Removed Pin From Net: NetName=GND Pin=Q45-2
Removed Pin From Net: NetName=GND Pin=Q46-2
Removed Pin From Net: NetName=GND Pin=Q47-2
Removed Pin From Net: NetName=GND Pin=Q48-2
Removed Pin From Net: NetName=GND Pin=R2-1
Removed Pin From Net: NetName=GND Pin=R3-1
Removed Pin From Net: NetName=GND Pin=R4-1
Removed Pin From Net: NetName=GND Pin=R5-1
Removed Pin From Net: NetName=GND Pin=R10-1
Removed Pin From Net: NetName=GND Pin=R11-1
Removed Pin From Net: NetName=GND Pin=R12-1
Removed Pin From Net: NetName=GND Pin=R13-1
Removed Pin From Net: NetName=GND Pin=R18-1
Removed Pin From Net: NetName=GND Pin=R19-1
Removed Pin From Net: NetName=GND Pin=R20-1
Removed Pin From Net: NetName=GND Pin=R21-1
Removed Pin From Net: NetName=GND Pin=R26-1
Removed Pin From Net: NetName=GND Pin=R27-1
Removed Pin From Net: NetName=GND Pin=R28-1
Removed Pin From Net: NetName=GND Pin=R29-1
Removed Pin From Net: NetName=GND Pin=R34-1
Removed Pin From Net: NetName=GND Pin=R35-1
Removed Pin From Net: NetName=GND Pin=R36-1
Removed Pin From Net: NetName=GND Pin=R37-1
Removed Pin From Net: NetName=GND Pin=R42-1
Removed Pin From Net: NetName=GND Pin=R43-1
Removed Pin From Net: NetName=GND Pin=R44-1
Removed Pin From Net: NetName=GND Pin=R45-1
Added Pin To Net: NetName=NetD3_2 Pin=D3-2
Added Pin To Net: NetName=NetD3_2 Pin=R2-1
Added Net: Name=NetD3_2
Added Pin To Net: NetName=NetD4_2 Pin=D4-2
Added Pin To Net: NetName=NetD4_2 Pin=R3-1
Added Net: Name=NetD4_2
Added Pin To Net: NetName=NetD5_2 Pin=D5-2
Added Pin To Net: NetName=NetD5_2 Pin=R4-1
Added Net: Name=NetD5_2
Added Pin To Net: NetName=NetD6_2 Pin=D6-2
Added Pin To Net: NetName=NetD6_2 Pin=R5-1
Added Net: Name=NetD6_2
Added Pin To Net: NetName=NetD7_2 Pin=D7-2
Added Pin To Net: NetName=NetD7_2 Pin=R10-1
Added Net: Name=NetD7_2
Added Pin To Net: NetName=NetD8_2 Pin=D8-2
Added Pin To Net: NetName=NetD8_2 Pin=R11-1
Added Net: Name=NetD8_2
Added Pin To Net: NetName=NetD9_2 Pin=D9-2
Added Pin To Net: NetName=NetD9_2 Pin=R12-1
Added Net: Name=NetD9_2
Added Pin To Net: NetName=NetD10_2 Pin=D10-2
Added Pin To Net: NetName=NetD10_2 Pin=R13-1
Added Net: Name=NetD10_2
Added Pin To Net: NetName=NetD11_2 Pin=D11-2
Added Pin To Net: NetName=NetD11_2 Pin=R18-1
Added Net: Name=NetD11_2
Added Pin To Net: NetName=NetD12_2 Pin=D12-2
Added Pin To Net: NetName=NetD12_2 Pin=R19-1
Added Net: Name=NetD12_2
Added Pin To Net: NetName=NetD14_2 Pin=D14-2
Added Pin To Net: NetName=NetD14_2 Pin=R20-1
Added Net: Name=NetD14_2
Added Pin To Net: NetName=NetD15_2 Pin=D15-2
Added Pin To Net: NetName=NetD15_2 Pin=R21-1
Added Net: Name=NetD15_2
Added Pin To Net: NetName=NetD16_2 Pin=D16-2
Added Pin To Net: NetName=NetD16_2 Pin=R26-1
Added Net: Name=NetD16_2
Added Pin To Net: NetName=NetD17_2 Pin=D17-2
Added Pin To Net: NetName=NetD17_2 Pin=R27-1
Added Net: Name=NetD17_2
Added Pin To Net: NetName=NetD18_2 Pin=D18-2
Added Pin To Net: NetName=NetD18_2 Pin=R28-1
Added Net: Name=NetD18_2
Added Pin To Net: NetName=NetD19_2 Pin=D19-2
Added Pin To Net: NetName=NetD19_2 Pin=R29-1
Added Net: Name=NetD19_2
Added Pin To Net: NetName=NetD20_2 Pin=D20-2
Added Pin To Net: NetName=NetD20_2 Pin=R34-1
Added Net: Name=NetD20_2
Added Pin To Net: NetName=NetD21_2 Pin=D21-2
Added Pin To Net: NetName=NetD21_2 Pin=R35-1
Added Net: Name=NetD21_2
Added Pin To Net: NetName=NetD22_2 Pin=D22-2
Added Pin To Net: NetName=NetD22_2 Pin=R36-1
Added Net: Name=NetD22_2
Added Pin To Net: NetName=NetD23_2 Pin=D23-2
Added Pin To Net: NetName=NetD23_2 Pin=R37-1
Added Net: Name=NetD23_2
Added Pin To Net: NetName=NetD24_2 Pin=D24-2
Added Pin To Net: NetName=NetD24_2 Pin=R42-1
Added Net: Name=NetD24_2
Added Pin To Net: NetName=NetD25_2 Pin=D25-2
Added Pin To Net: NetName=NetD25_2 Pin=R43-1
Added Net: Name=NetD25_2
Added Pin To Net: NetName=NetD26_2 Pin=D26-2
Added Pin To Net: NetName=NetD26_2 Pin=R44-1
Added Net: Name=NetD26_2
Added Pin To Net: NetName=NetD27_2 Pin=D27-2
Added Pin To Net: NetName=NetD27_2 Pin=R45-1
Added Net: Name=NetD27_2
Added Pin To Net: NetName=NetJ7_1 Pin=J7-1
Added Pin To Net: NetName=NetJ7_1 Pin=Q6-2
Added Net: Name=NetJ7_1
Added Pin To Net: NetName=NetJ7_2 Pin=J7-2
Added Pin To Net: NetName=NetJ7_2 Pin=Q14-2
Added Net: Name=NetJ7_2
Added Pin To Net: NetName=NetJ7_3 Pin=J7-3
Added Pin To Net: NetName=NetJ7_3 Pin=Q22-2
Added Net: Name=NetJ7_3
Added Pin To Net: NetName=NetJ7_4 Pin=J7-4
Added Pin To Net: NetName=NetJ7_4 Pin=Q30-2
Added Net: Name=NetJ7_4
Added Pin To Net: NetName=NetJ7_5 Pin=J7-5
Added Pin To Net: NetName=NetJ7_5 Pin=Q38-2
Added Net: Name=NetJ7_5
Added Pin To Net: NetName=NetJ7_6 Pin=J7-6
Added Pin To Net: NetName=NetJ7_6 Pin=Q46-2
Added Net: Name=NetJ7_6
Added Pin To Net: NetName=NetJ7_7 Pin=J7-7
Added Pin To Net: NetName=NetJ7_7 Pin=Q8-2
Added Net: Name=NetJ7_7
Added Pin To Net: NetName=NetJ7_8 Pin=J7-8
Added Pin To Net: NetName=NetJ7_8 Pin=Q16-2
Added Net: Name=NetJ7_8
Added Pin To Net: NetName=NetJ7_9 Pin=J7-9
Added Pin To Net: NetName=NetJ7_9 Pin=Q24-2
Added Net: Name=NetJ7_9
Added Pin To Net: NetName=NetJ7_10 Pin=J7-10
Added Pin To Net: NetName=NetJ7_10 Pin=Q32-2
Added Net: Name=NetJ7_10
Added Pin To Net: NetName=NetJ7_11 Pin=J7-11
Added Pin To Net: NetName=NetJ7_11 Pin=Q40-2
Added Net: Name=NetJ7_11
Added Pin To Net: NetName=NetJ7_12 Pin=J7-12
Added Pin To Net: NetName=NetJ7_12 Pin=Q48-2
Added Net: Name=NetJ7_12
Added Pin To Net: NetName=NetJ8_1 Pin=J8-1
Added Pin To Net: NetName=NetJ8_1 Pin=Q5-2
Added Net: Name=NetJ8_1
Added Pin To Net: NetName=NetJ8_2 Pin=J8-2
Added Pin To Net: NetName=NetJ8_2 Pin=Q13-2
Added Net: Name=NetJ8_2
Added Pin To Net: NetName=NetJ8_3 Pin=J8-3
Added Pin To Net: NetName=NetJ8_3 Pin=Q21-2
Added Net: Name=NetJ8_3
Added Pin To Net: NetName=NetJ8_4 Pin=J8-4
Added Pin To Net: NetName=NetJ8_4 Pin=Q29-2
Added Net: Name=NetJ8_4
Added Pin To Net: NetName=NetJ8_5 Pin=J8-5
Added Pin To Net: NetName=NetJ8_5 Pin=Q37-2
Added Net: Name=NetJ8_5
Added Pin To Net: NetName=NetJ8_6 Pin=J8-6
Added Pin To Net: NetName=NetJ8_6 Pin=Q45-2
Added Net: Name=NetJ8_6
Added Pin To Net: NetName=NetJ8_7 Pin=J8-7
Added Pin To Net: NetName=NetJ8_7 Pin=Q7-2
Added Net: Name=NetJ8_7
Added Pin To Net: NetName=NetJ8_8 Pin=J8-8
Added Pin To Net: NetName=NetJ8_8 Pin=Q15-2
Added Net: Name=NetJ8_8
Added Pin To Net: NetName=NetJ8_9 Pin=J8-9
Added Pin To Net: NetName=NetJ8_9 Pin=Q23-2
Added Net: Name=NetJ8_9
Added Pin To Net: NetName=NetJ8_10 Pin=J8-10
Added Pin To Net: NetName=NetJ8_10 Pin=Q31-2
Added Net: Name=NetJ8_10
Added Pin To Net: NetName=NetJ8_11 Pin=J8-11
Added Pin To Net: NetName=NetJ8_11 Pin=Q39-2
Added Net: Name=NetJ8_11
Added Pin To Net: NetName=NetJ8_12 Pin=J8-12
Added Pin To Net: NetName=NetJ8_12 Pin=Q47-2
Added Net: Name=NetJ8_12
Added Room: Name=Sheet1
