Replace Part C1 Cap 100nF 50V in D:\Work\Micro Ohm\PCB\Smart_Ladder_System (V2)\Sheet1.SchDoc with Cap 100nF 50V from Mina.SchLib
Replace Part C2 Cap 100nF 50V in D:\Work\Micro Ohm\PCB\Smart_Ladder_System (V2)\Sheet1.SchDoc with Cap 100nF 50V from Mina.SchLib
Replace Part C3 CAP ALUM 470UF  25V RADIAL in D:\Work\Micro Ohm\PCB\Smart_Ladder_System (V2)\Sheet1.SchDoc with CAP ALUM 470UF  25V RADIAL from Passive Components.SchLib
Replace Part C4 CAP ALUM 470UF  25V RADIAL in D:\Work\Micro Ohm\PCB\Smart_Ladder_System (V2)\Sheet1.SchDoc with CAP ALUM 470UF  25V RADIAL from Passive Components.SchLib
Replace Part C5 Cap 100nF 50V in D:\Work\Micro Ohm\PCB\Smart_Ladder_System (V2)\Sheet1.SchDoc with Cap 100nF 50V from Mina.SchLib
Replace Part C6 Cap 100nF 50V in D:\Work\Micro Ohm\PCB\Smart_Ladder_System (V2)\Sheet1.SchDoc with Cap 100nF 50V from Mina.SchLib
Replace Part D1 Diode in D:\Work\Micro Ohm\PCB\Smart_Ladder_System (V2)\Sheet1.SchDoc with Diode from Diode.SchLib
Replace Part D2 Red Led 5mm in D:\Work\Micro Ohm\PCB\Smart_Ladder_System (V2)\Sheet1.SchDoc with Red Led 5mm from Mina.SchLib
Replace Part D3 Red Led 5mm in D:\Work\Micro Ohm\PCB\Smart_Ladder_System (V2)\Sheet1.SchDoc with Red Led 5mm from Mina.SchLib
Replace Part D4 Red Led 5mm in D:\Work\Micro Ohm\PCB\Smart_Ladder_System (V2)\Sheet1.SchDoc with Red Led 5mm from Mina.SchLib
Replace Part D5 Red Led 5mm in D:\Work\Micro Ohm\PCB\Smart_Ladder_System (V2)\Sheet1.SchDoc with Red Led 5mm from Mina.SchLib
Replace Part D6 Red Led 5mm in D:\Work\Micro Ohm\PCB\Smart_Ladder_System (V2)\Sheet1.SchDoc with Red Led 5mm from Mina.SchLib
Replace Part D7 Red Led 5mm in D:\Work\Micro Ohm\PCB\Smart_Ladder_System (V2)\Sheet1.SchDoc with Red Led 5mm from Mina.SchLib
Replace Part D8 Red Led 5mm in D:\Work\Micro Ohm\PCB\Smart_Ladder_System (V2)\Sheet1.SchDoc with Red Led 5mm from Mina.SchLib
Replace Part D9 Red Led 5mm in D:\Work\Micro Ohm\PCB\Smart_Ladder_System (V2)\Sheet1.SchDoc with Red Led 5mm from Mina.SchLib
Replace Part D10 Red Led 5mm in D:\Work\Micro Ohm\PCB\Smart_Ladder_System (V2)\Sheet1.SchDoc with Red Led 5mm from Mina.SchLib
Replace Part D11 Red Led 5mm in D:\Work\Micro Ohm\PCB\Smart_Ladder_System (V2)\Sheet1.SchDoc with Red Led 5mm from Mina.SchLib
Replace Part D12 Red Led 5mm in D:\Work\Micro Ohm\PCB\Smart_Ladder_System (V2)\Sheet1.SchDoc with Red Led 5mm from Mina.SchLib
Replace Part D14 Red Led 5mm in D:\Work\Micro Ohm\PCB\Smart_Ladder_System (V2)\Sheet1.SchDoc with Red Led 5mm from Mina.SchLib
Replace Part D15 Red Led 5mm in D:\Work\Micro Ohm\PCB\Smart_Ladder_System (V2)\Sheet1.SchDoc with Red Led 5mm from Mina.SchLib
Replace Part D16 Red Led 5mm in D:\Work\Micro Ohm\PCB\Smart_Ladder_System (V2)\Sheet1.SchDoc with Red Led 5mm from Mina.SchLib
Replace Part D17 Red Led 5mm in D:\Work\Micro Ohm\PCB\Smart_Ladder_System (V2)\Sheet1.SchDoc with Red Led 5mm from Mina.SchLib
Replace Part D18 Red Led 5mm in D:\Work\Micro Ohm\PCB\Smart_Ladder_System (V2)\Sheet1.SchDoc with Red Led 5mm from Mina.SchLib
Replace Part D19 Red Led 5mm in D:\Work\Micro Ohm\PCB\Smart_Ladder_System (V2)\Sheet1.SchDoc with Red Led 5mm from Mina.SchLib
Replace Part D20 Red Led 5mm in D:\Work\Micro Ohm\PCB\Smart_Ladder_System (V2)\Sheet1.SchDoc with Red Led 5mm from Mina.SchLib
Replace Part D21 Red Led 5mm in D:\Work\Micro Ohm\PCB\Smart_Ladder_System (V2)\Sheet1.SchDoc with Red Led 5mm from Mina.SchLib
Replace Part D22 Red Led 5mm in D:\Work\Micro Ohm\PCB\Smart_Ladder_System (V2)\Sheet1.SchDoc with Red Led 5mm from Mina.SchLib
Replace Part D23 Red Led 5mm in D:\Work\Micro Ohm\PCB\Smart_Ladder_System (V2)\Sheet1.SchDoc with Red Led 5mm from Mina.SchLib
Replace Part D24 Red Led 5mm in D:\Work\Micro Ohm\PCB\Smart_Ladder_System (V2)\Sheet1.SchDoc with Red Led 5mm from Mina.SchLib
Replace Part D25 Red Led 5mm in D:\Work\Micro Ohm\PCB\Smart_Ladder_System (V2)\Sheet1.SchDoc with Red Led 5mm from Mina.SchLib
Replace Part D26 Red Led 5mm in D:\Work\Micro Ohm\PCB\Smart_Ladder_System (V2)\Sheet1.SchDoc with Red Led 5mm from Mina.SchLib
Replace Part D27 Red Led 5mm in D:\Work\Micro Ohm\PCB\Smart_Ladder_System (V2)\Sheet1.SchDoc with Red Led 5mm from Mina.SchLib
Replace Part F1 Fuse Holder in D:\Work\Micro Ohm\PCB\Smart_Ladder_System (V2)\Sheet1.SchDoc with Fuse Holder from Mina.SchLib
Replace Part F2 Fuse Holder in D:\Work\Micro Ohm\PCB\Smart_Ladder_System (V2)\Sheet1.SchDoc with Fuse Holder from Mina.SchLib
Replace Part J1 Power Female in D:\Work\Micro Ohm\PCB\Smart_Ladder_System (V2)\Sheet1.SchDoc with Power Female from Connectors.SchLib
Replace Part J2 TB 2pin in D:\Work\Micro Ohm\PCB\Smart_Ladder_System (V2)\Sheet1.SchDoc with TB 2pin from Connectors.SchLib
Replace Part J3 TB 4pin in D:\Work\Micro Ohm\PCB\Smart_Ladder_System (V2)\Sheet1.SchDoc with TB 4pin from Connectors.SchLib
Replace Part J4 TB 4pin in D:\Work\Micro Ohm\PCB\Smart_Ladder_System (V2)\Sheet1.SchDoc with TB 4pin from Connectors.SchLib
Replace Part J5 TB 4pin in D:\Work\Micro Ohm\PCB\Smart_Ladder_System (V2)\Sheet1.SchDoc with TB 4pin from Connectors.SchLib
Replace Part J6 TB 4pin in D:\Work\Micro Ohm\PCB\Smart_Ladder_System (V2)\Sheet1.SchDoc with TB 4pin from Connectors.SchLib
Replace Part J7 TB 12pin in D:\Work\Micro Ohm\PCB\Smart_Ladder_System (V2)\Sheet1.SchDoc with TB 12pin from Connectors.SchLib
Replace Part J8 TB 6pin in D:\Work\Micro Ohm\PCB\Smart_Ladder_System (V2)\Sheet1.SchDoc with TB 6pin from Connectors.SchLib
Replace Part J9 TB 6pin in D:\Work\Micro Ohm\PCB\Smart_Ladder_System (V2)\Sheet1.SchDoc with TB 6pin from Connectors.SchLib
Replace Part Q1 PC817 in D:\Work\Micro Ohm\PCB\Smart_Ladder_System (V2)\Sheet1.SchDoc with PC817 from ICs.SchLib
Replace Part Q2 PC817 in D:\Work\Micro Ohm\PCB\Smart_Ladder_System (V2)\Sheet1.SchDoc with PC817 from ICs.SchLib
Replace Part Q3 PC817 in D:\Work\Micro Ohm\PCB\Smart_Ladder_System (V2)\Sheet1.SchDoc with PC817 from ICs.SchLib
Replace Part Q4 PC817 in D:\Work\Micro Ohm\PCB\Smart_Ladder_System (V2)\Sheet1.SchDoc with PC817 from ICs.SchLib
Replace Part Q5 IRFZ44N in D:\Work\Micro Ohm\PCB\Smart_Ladder_System (V2)\Sheet1.SchDoc with IRFZ44N from Transistor.SchLib
Replace Part Q6 IRFZ44N in D:\Work\Micro Ohm\PCB\Smart_Ladder_System (V2)\Sheet1.SchDoc with IRFZ44N from Transistor.SchLib
Replace Part Q7 IRFZ44N in D:\Work\Micro Ohm\PCB\Smart_Ladder_System (V2)\Sheet1.SchDoc with IRFZ44N from Transistor.SchLib
Replace Part Q8 IRFZ44N in D:\Work\Micro Ohm\PCB\Smart_Ladder_System (V2)\Sheet1.SchDoc with IRFZ44N from Transistor.SchLib
Replace Part Q9 PC817 in D:\Work\Micro Ohm\PCB\Smart_Ladder_System (V2)\Sheet1.SchDoc with PC817 from ICs.SchLib
Replace Part Q10 PC817 in D:\Work\Micro Ohm\PCB\Smart_Ladder_System (V2)\Sheet1.SchDoc with PC817 from ICs.SchLib
Replace Part Q11 PC817 in D:\Work\Micro Ohm\PCB\Smart_Ladder_System (V2)\Sheet1.SchDoc with PC817 from ICs.SchLib
Replace Part Q12 PC817 in D:\Work\Micro Ohm\PCB\Smart_Ladder_System (V2)\Sheet1.SchDoc with PC817 from ICs.SchLib
Replace Part Q13 IRFZ44N in D:\Work\Micro Ohm\PCB\Smart_Ladder_System (V2)\Sheet1.SchDoc with IRFZ44N from Transistor.SchLib
Replace Part Q14 IRFZ44N in D:\Work\Micro Ohm\PCB\Smart_Ladder_System (V2)\Sheet1.SchDoc with IRFZ44N from Transistor.SchLib
Replace Part Q15 IRFZ44N in D:\Work\Micro Ohm\PCB\Smart_Ladder_System (V2)\Sheet1.SchDoc with IRFZ44N from Transistor.SchLib
Replace Part Q16 IRFZ44N in D:\Work\Micro Ohm\PCB\Smart_Ladder_System (V2)\Sheet1.SchDoc with IRFZ44N from Transistor.SchLib
Replace Part Q17 PC817 in D:\Work\Micro Ohm\PCB\Smart_Ladder_System (V2)\Sheet1.SchDoc with PC817 from ICs.SchLib
Replace Part Q18 PC817 in D:\Work\Micro Ohm\PCB\Smart_Ladder_System (V2)\Sheet1.SchDoc with PC817 from ICs.SchLib
Replace Part Q19 PC817 in D:\Work\Micro Ohm\PCB\Smart_Ladder_System (V2)\Sheet1.SchDoc with PC817 from ICs.SchLib
Replace Part Q20 PC817 in D:\Work\Micro Ohm\PCB\Smart_Ladder_System (V2)\Sheet1.SchDoc with PC817 from ICs.SchLib
Replace Part Q21 IRFZ44N in D:\Work\Micro Ohm\PCB\Smart_Ladder_System (V2)\Sheet1.SchDoc with IRFZ44N from Transistor.SchLib
Replace Part Q22 IRFZ44N in D:\Work\Micro Ohm\PCB\Smart_Ladder_System (V2)\Sheet1.SchDoc with IRFZ44N from Transistor.SchLib
Replace Part Q23 IRFZ44N in D:\Work\Micro Ohm\PCB\Smart_Ladder_System (V2)\Sheet1.SchDoc with IRFZ44N from Transistor.SchLib
Replace Part Q24 IRFZ44N in D:\Work\Micro Ohm\PCB\Smart_Ladder_System (V2)\Sheet1.SchDoc with IRFZ44N from Transistor.SchLib
Replace Part Q25 PC817 in D:\Work\Micro Ohm\PCB\Smart_Ladder_System (V2)\Sheet1.SchDoc with PC817 from ICs.SchLib
Replace Part Q26 PC817 in D:\Work\Micro Ohm\PCB\Smart_Ladder_System (V2)\Sheet1.SchDoc with PC817 from ICs.SchLib
Replace Part Q27 PC817 in D:\Work\Micro Ohm\PCB\Smart_Ladder_System (V2)\Sheet1.SchDoc with PC817 from ICs.SchLib
Replace Part Q28 PC817 in D:\Work\Micro Ohm\PCB\Smart_Ladder_System (V2)\Sheet1.SchDoc with PC817 from ICs.SchLib
Replace Part Q29 IRFZ44N in D:\Work\Micro Ohm\PCB\Smart_Ladder_System (V2)\Sheet1.SchDoc with IRFZ44N from Transistor.SchLib
Replace Part Q30 IRFZ44N in D:\Work\Micro Ohm\PCB\Smart_Ladder_System (V2)\Sheet1.SchDoc with IRFZ44N from Transistor.SchLib
Replace Part Q31 IRFZ44N in D:\Work\Micro Ohm\PCB\Smart_Ladder_System (V2)\Sheet1.SchDoc with IRFZ44N from Transistor.SchLib
Replace Part Q32 IRFZ44N in D:\Work\Micro Ohm\PCB\Smart_Ladder_System (V2)\Sheet1.SchDoc with IRFZ44N from Transistor.SchLib
Replace Part Q33 PC817 in D:\Work\Micro Ohm\PCB\Smart_Ladder_System (V2)\Sheet1.SchDoc with PC817 from ICs.SchLib
Replace Part Q34 PC817 in D:\Work\Micro Ohm\PCB\Smart_Ladder_System (V2)\Sheet1.SchDoc with PC817 from ICs.SchLib
Replace Part Q35 PC817 in D:\Work\Micro Ohm\PCB\Smart_Ladder_System (V2)\Sheet1.SchDoc with PC817 from ICs.SchLib
Replace Part Q36 PC817 in D:\Work\Micro Ohm\PCB\Smart_Ladder_System (V2)\Sheet1.SchDoc with PC817 from ICs.SchLib
Replace Part Q37 IRFZ44N in D:\Work\Micro Ohm\PCB\Smart_Ladder_System (V2)\Sheet1.SchDoc with IRFZ44N from Transistor.SchLib
Replace Part Q38 IRFZ44N in D:\Work\Micro Ohm\PCB\Smart_Ladder_System (V2)\Sheet1.SchDoc with IRFZ44N from Transistor.SchLib
Replace Part Q39 IRFZ44N in D:\Work\Micro Ohm\PCB\Smart_Ladder_System (V2)\Sheet1.SchDoc with IRFZ44N from Transistor.SchLib
Replace Part Q40 IRFZ44N in D:\Work\Micro Ohm\PCB\Smart_Ladder_System (V2)\Sheet1.SchDoc with IRFZ44N from Transistor.SchLib
Replace Part Q41 PC817 in D:\Work\Micro Ohm\PCB\Smart_Ladder_System (V2)\Sheet1.SchDoc with PC817 from ICs.SchLib
Replace Part Q42 PC817 in D:\Work\Micro Ohm\PCB\Smart_Ladder_System (V2)\Sheet1.SchDoc with PC817 from ICs.SchLib
Replace Part Q43 PC817 in D:\Work\Micro Ohm\PCB\Smart_Ladder_System (V2)\Sheet1.SchDoc with PC817 from ICs.SchLib
Replace Part Q44 PC817 in D:\Work\Micro Ohm\PCB\Smart_Ladder_System (V2)\Sheet1.SchDoc with PC817 from ICs.SchLib
Replace Part Q45 IRFZ44N in D:\Work\Micro Ohm\PCB\Smart_Ladder_System (V2)\Sheet1.SchDoc with IRFZ44N from Transistor.SchLib
Replace Part Q46 IRFZ44N in D:\Work\Micro Ohm\PCB\Smart_Ladder_System (V2)\Sheet1.SchDoc with IRFZ44N from Transistor.SchLib
Replace Part Q47 IRFZ44N in D:\Work\Micro Ohm\PCB\Smart_Ladder_System (V2)\Sheet1.SchDoc with IRFZ44N from Transistor.SchLib
Replace Part Q48 IRFZ44N in D:\Work\Micro Ohm\PCB\Smart_Ladder_System (V2)\Sheet1.SchDoc with IRFZ44N from Transistor.SchLib
Replace Part R1 RES 1K OHM 1/4W in D:\Work\Micro Ohm\PCB\Smart_Ladder_System (V2)\Sheet1.SchDoc with RES 1K OHM 1/4W from Mina.SchLib
Replace Part R2 RES 1K OHM 1/4W in D:\Work\Micro Ohm\PCB\Smart_Ladder_System (V2)\Sheet1.SchDoc with RES 1K OHM 1/4W from Mina.SchLib
Replace Part R3 RES 1K OHM 1/4W in D:\Work\Micro Ohm\PCB\Smart_Ladder_System (V2)\Sheet1.SchDoc with RES 1K OHM 1/4W from Mina.SchLib
Replace Part R4 RES 1K OHM 1/4W in D:\Work\Micro Ohm\PCB\Smart_Ladder_System (V2)\Sheet1.SchDoc with RES 1K OHM 1/4W from Mina.SchLib
Replace Part R5 RES 1K OHM 1/4W in D:\Work\Micro Ohm\PCB\Smart_Ladder_System (V2)\Sheet1.SchDoc with RES 1K OHM 1/4W from Mina.SchLib
Replace Part R6 RES 1K OHM 1/4W in D:\Work\Micro Ohm\PCB\Smart_Ladder_System (V2)\Sheet1.SchDoc with RES 1K OHM 1/4W from Mina.SchLib
Replace Part R7 RES 1K OHM 1/4W in D:\Work\Micro Ohm\PCB\Smart_Ladder_System (V2)\Sheet1.SchDoc with RES 1K OHM 1/4W from Mina.SchLib
Replace Part R8 RES 1K OHM 1/4W in D:\Work\Micro Ohm\PCB\Smart_Ladder_System (V2)\Sheet1.SchDoc with RES 1K OHM 1/4W from Mina.SchLib
Replace Part R9 RES 1K OHM 1/4W in D:\Work\Micro Ohm\PCB\Smart_Ladder_System (V2)\Sheet1.SchDoc with RES 1K OHM 1/4W from Mina.SchLib
Replace Part R10 RES 1K OHM 1/4W in D:\Work\Micro Ohm\PCB\Smart_Ladder_System (V2)\Sheet1.SchDoc with RES 1K OHM 1/4W from Mina.SchLib
Replace Part R11 RES 1K OHM 1/4W in D:\Work\Micro Ohm\PCB\Smart_Ladder_System (V2)\Sheet1.SchDoc with RES 1K OHM 1/4W from Mina.SchLib
Replace Part R12 RES 1K OHM 1/4W in D:\Work\Micro Ohm\PCB\Smart_Ladder_System (V2)\Sheet1.SchDoc with RES 1K OHM 1/4W from Mina.SchLib
Replace Part R13 RES 1K OHM 1/4W in D:\Work\Micro Ohm\PCB\Smart_Ladder_System (V2)\Sheet1.SchDoc with RES 1K OHM 1/4W from Mina.SchLib
Replace Part R14 RES 1K OHM 1/4W in D:\Work\Micro Ohm\PCB\Smart_Ladder_System (V2)\Sheet1.SchDoc with RES 1K OHM 1/4W from Mina.SchLib
Replace Part R15 RES 1K OHM 1/4W in D:\Work\Micro Ohm\PCB\Smart_Ladder_System (V2)\Sheet1.SchDoc with RES 1K OHM 1/4W from Mina.SchLib
Replace Part R16 RES 1K OHM 1/4W in D:\Work\Micro Ohm\PCB\Smart_Ladder_System (V2)\Sheet1.SchDoc with RES 1K OHM 1/4W from Mina.SchLib
Replace Part R17 RES 1K OHM 1/4W in D:\Work\Micro Ohm\PCB\Smart_Ladder_System (V2)\Sheet1.SchDoc with RES 1K OHM 1/4W from Mina.SchLib
Replace Part R18 RES 1K OHM 1/4W in D:\Work\Micro Ohm\PCB\Smart_Ladder_System (V2)\Sheet1.SchDoc with RES 1K OHM 1/4W from Mina.SchLib
Replace Part R19 RES 1K OHM 1/4W in D:\Work\Micro Ohm\PCB\Smart_Ladder_System (V2)\Sheet1.SchDoc with RES 1K OHM 1/4W from Mina.SchLib
Replace Part R20 RES 1K OHM 1/4W in D:\Work\Micro Ohm\PCB\Smart_Ladder_System (V2)\Sheet1.SchDoc with RES 1K OHM 1/4W from Mina.SchLib
Replace Part R21 RES 1K OHM 1/4W in D:\Work\Micro Ohm\PCB\Smart_Ladder_System (V2)\Sheet1.SchDoc with RES 1K OHM 1/4W from Mina.SchLib
Replace Part R22 RES 1K OHM 1/4W in D:\Work\Micro Ohm\PCB\Smart_Ladder_System (V2)\Sheet1.SchDoc with RES 1K OHM 1/4W from Mina.SchLib
Replace Part R23 RES 1K OHM 1/4W in D:\Work\Micro Ohm\PCB\Smart_Ladder_System (V2)\Sheet1.SchDoc with RES 1K OHM 1/4W from Mina.SchLib
Replace Part R24 RES 1K OHM 1/4W in D:\Work\Micro Ohm\PCB\Smart_Ladder_System (V2)\Sheet1.SchDoc with RES 1K OHM 1/4W from Mina.SchLib
Replace Part R25 RES 1K OHM 1/4W in D:\Work\Micro Ohm\PCB\Smart_Ladder_System (V2)\Sheet1.SchDoc with RES 1K OHM 1/4W from Mina.SchLib
Replace Part R26 RES 1K OHM 1/4W in D:\Work\Micro Ohm\PCB\Smart_Ladder_System (V2)\Sheet1.SchDoc with RES 1K OHM 1/4W from Mina.SchLib
Replace Part R27 RES 1K OHM 1/4W in D:\Work\Micro Ohm\PCB\Smart_Ladder_System (V2)\Sheet1.SchDoc with RES 1K OHM 1/4W from Mina.SchLib
Replace Part R28 RES 1K OHM 1/4W in D:\Work\Micro Ohm\PCB\Smart_Ladder_System (V2)\Sheet1.SchDoc with RES 1K OHM 1/4W from Mina.SchLib
Replace Part R29 RES 1K OHM 1/4W in D:\Work\Micro Ohm\PCB\Smart_Ladder_System (V2)\Sheet1.SchDoc with RES 1K OHM 1/4W from Mina.SchLib
Replace Part R30 RES 1K OHM 1/4W in D:\Work\Micro Ohm\PCB\Smart_Ladder_System (V2)\Sheet1.SchDoc with RES 1K OHM 1/4W from Mina.SchLib
Replace Part R31 RES 1K OHM 1/4W in D:\Work\Micro Ohm\PCB\Smart_Ladder_System (V2)\Sheet1.SchDoc with RES 1K OHM 1/4W from Mina.SchLib
Replace Part R32 RES 1K OHM 1/4W in D:\Work\Micro Ohm\PCB\Smart_Ladder_System (V2)\Sheet1.SchDoc with RES 1K OHM 1/4W from Mina.SchLib
Replace Part R33 RES 1K OHM 1/4W in D:\Work\Micro Ohm\PCB\Smart_Ladder_System (V2)\Sheet1.SchDoc with RES 1K OHM 1/4W from Mina.SchLib
Replace Part R34 RES 1K OHM 1/4W in D:\Work\Micro Ohm\PCB\Smart_Ladder_System (V2)\Sheet1.SchDoc with RES 1K OHM 1/4W from Mina.SchLib
Replace Part R35 RES 1K OHM 1/4W in D:\Work\Micro Ohm\PCB\Smart_Ladder_System (V2)\Sheet1.SchDoc with RES 1K OHM 1/4W from Mina.SchLib
Replace Part R36 RES 1K OHM 1/4W in D:\Work\Micro Ohm\PCB\Smart_Ladder_System (V2)\Sheet1.SchDoc with RES 1K OHM 1/4W from Mina.SchLib
Replace Part R37 RES 1K OHM 1/4W in D:\Work\Micro Ohm\PCB\Smart_Ladder_System (V2)\Sheet1.SchDoc with RES 1K OHM 1/4W from Mina.SchLib
Replace Part R38 RES 1K OHM 1/4W in D:\Work\Micro Ohm\PCB\Smart_Ladder_System (V2)\Sheet1.SchDoc with RES 1K OHM 1/4W from Mina.SchLib
Replace Part R39 RES 1K OHM 1/4W in D:\Work\Micro Ohm\PCB\Smart_Ladder_System (V2)\Sheet1.SchDoc with RES 1K OHM 1/4W from Mina.SchLib
Replace Part R40 RES 1K OHM 1/4W in D:\Work\Micro Ohm\PCB\Smart_Ladder_System (V2)\Sheet1.SchDoc with RES 1K OHM 1/4W from Mina.SchLib
Replace Part R41 RES 1K OHM 1/4W in D:\Work\Micro Ohm\PCB\Smart_Ladder_System (V2)\Sheet1.SchDoc with RES 1K OHM 1/4W from Mina.SchLib
Replace Part R42 RES 1K OHM 1/4W in D:\Work\Micro Ohm\PCB\Smart_Ladder_System (V2)\Sheet1.SchDoc with RES 1K OHM 1/4W from Mina.SchLib
Replace Part R43 RES 1K OHM 1/4W in D:\Work\Micro Ohm\PCB\Smart_Ladder_System (V2)\Sheet1.SchDoc with RES 1K OHM 1/4W from Mina.SchLib
Replace Part R44 RES 1K OHM 1/4W in D:\Work\Micro Ohm\PCB\Smart_Ladder_System (V2)\Sheet1.SchDoc with RES 1K OHM 1/4W from Mina.SchLib
Replace Part R45 RES 1K OHM 1/4W in D:\Work\Micro Ohm\PCB\Smart_Ladder_System (V2)\Sheet1.SchDoc with RES 1K OHM 1/4W from Mina.SchLib
Replace Part R46 RES 1K OHM 1/4W in D:\Work\Micro Ohm\PCB\Smart_Ladder_System (V2)\Sheet1.SchDoc with RES 1K OHM 1/4W from Mina.SchLib
Replace Part R47 RES 1K OHM 1/4W in D:\Work\Micro Ohm\PCB\Smart_Ladder_System (V2)\Sheet1.SchDoc with RES 1K OHM 1/4W from Mina.SchLib
Replace Part R48 RES 1K OHM 1/4W in D:\Work\Micro Ohm\PCB\Smart_Ladder_System (V2)\Sheet1.SchDoc with RES 1K OHM 1/4W from Mina.SchLib
Replace Part R49 RES 1K OHM 1/4W in D:\Work\Micro Ohm\PCB\Smart_Ladder_System (V2)\Sheet1.SchDoc with RES 1K OHM 1/4W from Mina.SchLib
Replace Part S1 Push Button in D:\Work\Micro Ohm\PCB\Smart_Ladder_System (V2)\Sheet1.SchDoc with Push Button from Switchs.SchLib
Replace Part U1 ATMEGA328-PU in D:\Work\Micro Ohm\PCB\Smart_Ladder_System (V2)\Sheet1.SchDoc with ATMEGA328-PU from Mina.SchLib
Replace Part U2 E-Switch 6pin 8*8 in D:\Work\Micro Ohm\PCB\Smart_Ladder_System (V2)\Sheet1.SchDoc with E-Switch 6pin 8*8 from Switchs.SchLib
Replace Part U3 7805 in D:\Work\Micro Ohm\PCB\Smart_Ladder_System (V2)\Sheet1.SchDoc with 7805 from Mina.SchLib
Replace Part U4 74595 in D:\Work\Micro Ohm\PCB\Smart_Ladder_System (V2)\Sheet1.SchDoc with 74595 from ICs.SchLib
Replace Part U5 74595 in D:\Work\Micro Ohm\PCB\Smart_Ladder_System (V2)\Sheet1.SchDoc with 74595 from ICs.SchLib
Replace Part U6 74595 in D:\Work\Micro Ohm\PCB\Smart_Ladder_System (V2)\Sheet1.SchDoc with 74595 from ICs.SchLib
Replace Part VR1 Res_Bourns in D:\Work\Micro Ohm\PCB\Smart_Ladder_System (V2)\Sheet1.SchDoc with Res_Bourns from Passive Components.SchLib
Replace Part VR2 Res_Bourns in D:\Work\Micro Ohm\PCB\Smart_Ladder_System (V2)\Sheet1.SchDoc with Res_Bourns from Passive Components.SchLib
Replace Part Y1 Crystal in D:\Work\Micro Ohm\PCB\Smart_Ladder_System (V2)\Sheet1.SchDoc with Crystal from Mina.SchLib
