Added Component: Designator=1(Arduino Nano)
Add component (AddParameter): Name = "Board Type"; Value = "Evaluation Platform"; VariantName = "[No Variations]"
Add component (AddParameter): Name = "Category"; Value = "Programmers, Development Systems"; VariantName = "[No Variations]"
Add component (AddParameter): Name = "ComponentLink1Description"; Value = "http://media.digikey.com/pdf/Data%20Sheets/Arduino%20PDFs/A000005.pdf"; VariantName = "[No Variations]"
Add component (AddParameter): Name = "ComponentLink1URL"; Value = "http://media.digikey.com/pdf/Data%20Sheets/Arduino%20PDFs/A000005.pdf"; VariantName = "[No Variations]"
Add component (AddParameter): Name = "Contents"; Value = "Board(s)"; VariantName = "[No Variations]"
Add component (AddParameter): Name = "Core Processor"; Value = "AVR"; VariantName = "[No Variations]"
Add component (AddParameter): Name = "For Use With/Related Products"; Value = "ATmega328"; VariantName = "[No Variations]"
Add component (AddParameter): Name = "Manufacturer"; Value = "Arduino"; VariantName = "[No Variations]"
Add component (AddParameter): Name = "Manufacturer Part Number"; Value = "A000005"; VariantName = "[No Variations]"
Add component (AddParameter): Name = "Mounting Type"; Value = "Fixed"; VariantName = "[No Variations]"
Add component (AddParameter): Name = "Operating System"; Value = "-"; VariantName = "[No Variations]"
Add component (AddParameter): Name = "Platform"; Value = "Arduino Nano"; VariantName = "[No Variations]"
Add component (AddParameter): Name = "Pricing 1"; Value = "1=0 (USD)"; VariantName = "[No Variations]"
Add component (AddParameter): Name = "RoHS"; Value = "RoHS Compliant"; VariantName = "[No Variations]"
Add component (AddParameter): Name = "Stock 1"; Value = "0"; VariantName = "[No Variations]"
Add component (AddParameter): Name = "Supplier 1"; Value = "Digi-Key"; VariantName = "[No Variations]"
Add component (AddParameter): Name = "Supplier Part Number 1"; Value = "1050-1001-ND"; VariantName = "[No Variations]"
Add component (AddParameter): Name = "Type"; Value = "MCU 8-Bit"; VariantName = "[No Variations]"
Added Component: Designator=2(NRF25L01 THT)
Added Component: Designator=Cell1(H2-5.0-10.5X8.0MM)
Added Component: Designator=CurrSens1(H3-5.0-15.5X8.0MM)
Added Component: Designator=K1(RELAY_SRD-05VDC-SL-C)
Add component (AddParameter): Name = "Availability"; Value = "Unavailable"; VariantName = "[No Variations]"
Add component (AddParameter): Name = "MF"; Value = "Songle Relay"; VariantName = "[No Variations]"
Add component (AddParameter): Name = "MP"; Value = "SRD-05VDC-SL-C"; VariantName = "[No Variations]"
Add component (AddParameter): Name = "Package"; Value = "None"; VariantName = "[No Variations]"
Add component (AddParameter): Name = "Price"; Value = "None"; VariantName = "[No Variations]"
Add component (AddParameter): Name = "SnapEDA_Link"; Value = "https://www.snapeda.com/parts/SRD-05VDC-SL-C/Songle%20Relay/view-part/1029484/?ref=snap"; VariantName = "[No Variations]"
Add component (AddParameter): Name = "Value"; Value = ""; VariantName = "[No Variations]"
Added Component: Designator=U1(DS18B20)
Add component (AddParameter): Name = "Code_JEDEC"; Value = "TO-226-AA"; VariantName = "[No Variations]"
Add component (AddParameter): Name = "ComponentLink1Description"; Value = "Manufacturer URL"; VariantName = "[No Variations]"
Add component (AddParameter): Name = "ComponentLink1URL"; Value = "http://www.maxim-ic.com"; VariantName = "[No Variations]"
Add component (AddParameter): Name = "ComponentLink2Description"; Value = "Datasheet"; VariantName = "[No Variations]"
Add component (AddParameter): Name = "ComponentLink2URL"; Value = "http://datasheets.maxim-ic.com/en/ds/DS18B20.pdf"; VariantName = "[No Variations]"
Add component (AddParameter): Name = "DatasheetVersion"; Value = "2007"; VariantName = "[No Variations]"
Add component (AddParameter): Name = "PackageDescription"; Value = "TO-92 Package, Body Dia. 4.7mm; Leads 0.51 x 0.51 mm (max), Pb-Free"; VariantName = "[No Variations]"
Add component (AddParameter): Name = "PackageReference"; Value = "Q3+1"; VariantName = "[No Variations]"
Add component (AddParameter): Name = "PackageVersion"; Value = "revB, 2009"; VariantName = "[No Variations]"
Add component (AddParameter): Name = "PartNumber"; Value = "DS18B20+"; VariantName = "[No Variations]"
Added Pin To Net: NetName=GND Pin=1-GND
Added Pin To Net: NetName=GND Pin=2-1
Added Pin To Net: NetName=GND Pin=Cell1-2
Added Pin To Net: NetName=GND Pin=K1-A2
Added Pin To Net: NetName=GND Pin=U1-1
Added Net: Name=GND
Added Pin To Net: NetName=Net1_3.3V Pin=1-3.3V
Added Pin To Net: NetName=Net1_3.3V Pin=2-2
Added Net: Name=Net1_3.3V
Added Pin To Net: NetName=Net1_5V Pin=1-5V
Added Pin To Net: NetName=Net1_5V Pin=U1-3
Added Net: Name=Net1_5V
Added Pin To Net: NetName=Net1_D4 Pin=1-D4
Added Pin To Net: NetName=Net1_D4 Pin=K1-A1
Added Net: Name=Net1_D4
Added Pin To Net: NetName=Net1_D7 Pin=1-D7
Added Pin To Net: NetName=Net1_D7 Pin=2-3
Added Net: Name=Net1_D7
Added Pin To Net: NetName=Net1_D8 Pin=1-D8
Added Pin To Net: NetName=Net1_D8 Pin=2-4
Added Net: Name=Net1_D8
Added Pin To Net: NetName=Net1_D9 Pin=1-D9
Added Pin To Net: NetName=Net1_D9 Pin=U1-2
Added Net: Name=Net1_D9
Added Pin To Net: NetName=Net1_D11 Pin=1-D11
Added Pin To Net: NetName=Net1_D11 Pin=2-6
Added Net: Name=Net1_D11
Added Pin To Net: NetName=Net1_D12 Pin=1-D12
Added Pin To Net: NetName=Net1_D12 Pin=2-7
Added Net: Name=Net1_D12
Added Pin To Net: NetName=Net1_D13 Pin=1-D13
Added Pin To Net: NetName=Net1_D13 Pin=2-5
Added Net: Name=Net1_D13
Added Pin To Net: NetName=Net1_RAW Pin=1-RAW
Added Pin To Net: NetName=Net1_RAW Pin=Cell1-1
Added Net: Name=Net1_RAW
Added Pin To Net: NetName=NetCurrSens1_1 Pin=CurrSens1-1
Added Pin To Net: NetName=NetCurrSens1_1 Pin=K1-NO
Added Net: Name=NetCurrSens1_1
Added Pin To Net: NetName=NetCurrSens1_2 Pin=CurrSens1-2
Added Pin To Net: NetName=NetCurrSens1_2 Pin=K1-COM
Added Net: Name=NetCurrSens1_2
Added Pin To Net: NetName=NetCurrSens1_3 Pin=CurrSens1-3
Added Pin To Net: NetName=NetCurrSens1_3 Pin=K1-NC
Added Net: Name=NetCurrSens1_3
Added Class: Name=Sheet1
Added Room: Name=Sheet1
