Removed Pin From Net: NetName=NetR6_2 Pin=U3-2
Change component parameters: Designator = "R1" ("R1"); Footprint = "Stackpole_Electronics_Inc._CF14JT1K00_0"; UniqueID = "\CNDIECCA" ("\CNDIECCA")
Change component parameters (AddParameter): Name = "ComponentLink1Description"; Value = "Upverter"; VariantName = "[No Variations]"
Change component parameters (AddParameter): Name = "ComponentLink1URL"; Value = "https://upverter.com/upn/revision/429fdfafcb133a34/"; VariantName = "[No Variations]"
Change component parameters (AddParameter): Name = "ComponentLink2Description"; Value = "Datasheet"; VariantName = "[No Variations]"
Change component parameters (AddParameter): Name = "ComponentLink2URL"; Value = "https://www.seielect.com/catalog/SEI-CF_CFM.pdf"; VariantName = "[No Variations]"
Change component parameters (AddParameter): Name = "Digikey Description"; Value = "RES 1K OHM 1/4W 5% CARBON FILM"; VariantName = "[No Variations]"
Change component parameters (AddParameter): Name = "Digikey Part Number"; Value = "CF14JT1K00CT-ND"; VariantName = "[No Variations]"
Change component parameters (AddParameter): Name = "helpURL"; Value = "https://upverter.com/upn/revision/429fdfafcb133a34/"; VariantName = "[No Variations]"
Change component parameters (AddParameter): Name = "Ipc Land Pattern Name"; Value = "RESAD956W80L600D230"; VariantName = "[No Variations]"
Change component parameters (AddParameter): Name = "Lead Free"; Value = "yes"; VariantName = "[No Variations]"
Change component parameters (AddParameter): Name = "Manufacturer"; Value = "Stackpole Electronics Inc."; VariantName = "[No Variations]"
Change component parameters (AddParameter): Name = "Package"; Value = "Axial"; VariantName = "[No Variations]"
Change component parameters (AddParameter): Name = "Part Number"; Value = "CF14JT1K00"; VariantName = "[No Variations]"
Change component parameters (AddParameter): Name = "Power"; Value = "250mW"; VariantName = "[No Variations]"
Change component parameters (AddParameter): Name = "Price"; Value = "0.018380078196"; VariantName = "[No Variations]"
Change component parameters (AddParameter): Name = "Resistance"; Value = "22KO"; VariantName = "[No Variations]"
Change component parameters (AddParameter): Name = "RoHS"; Value = "TRUE"; VariantName = "[No Variations]"
Change component parameters (AddParameter): Name = "Supplier 1"; Value = "Digi-Key"; VariantName = "[No Variations]"
Change component parameters (AddParameter): Name = "Supplier 2"; Value = "Mouser"; VariantName = "[No Variations]"
Change component parameters (AddParameter): Name = "Supplier Part Number 1"; Value = "CF14JT1K00CT-ND"; VariantName = "[No Variations]"
Change component parameters (AddParameter): Name = "Supplier Part Number 2"; Value = ""; VariantName = "[No Variations]"
Change component parameters (AddParameter): Name = "Temperature"; Value = "-55°C to +155°C"; VariantName = "[No Variations]"
Change component parameters (AddParameter): Name = "Temperature Coefficient"; Value = "0/ -400ppm/°C"; VariantName = "[No Variations]"
Change component parameters (AddParameter): Name = "Temperature Range High"; Value = "+155°C"; VariantName = "[No Variations]"
Change component parameters (AddParameter): Name = "Temperature Range Low"; Value = "-55°C"; VariantName = "[No Variations]"
Change component parameters (AddParameter): Name = "Tolerance"; Value = "±5%"; VariantName = "[No Variations]"
Change component parameters (AddParameter): Name = "Value"; Value = "1KO"; VariantName = "[No Variations]"
Change component parameters: Designator = "R3" ("R3"); Footprint = "Stackpole_Electronics_Inc._CF14JT1K00_0"; UniqueID = "\FZGRNBTW" ("\FZGRNBTW")
Change component parameters (AddParameter): Name = "ComponentLink1Description"; Value = "Upverter"; VariantName = "[No Variations]"
Change component parameters (AddParameter): Name = "ComponentLink1URL"; Value = "https://upverter.com/upn/revision/429fdfafcb133a34/"; VariantName = "[No Variations]"
Change component parameters (AddParameter): Name = "ComponentLink2Description"; Value = "Datasheet"; VariantName = "[No Variations]"
Change component parameters (AddParameter): Name = "ComponentLink2URL"; Value = "https://www.seielect.com/catalog/SEI-CF_CFM.pdf"; VariantName = "[No Variations]"
Change component parameters (AddParameter): Name = "Digikey Description"; Value = "RES 1K OHM 1/4W 5% CARBON FILM"; VariantName = "[No Variations]"
Change component parameters (AddParameter): Name = "Digikey Part Number"; Value = "CF14JT1K00CT-ND"; VariantName = "[No Variations]"
Change component parameters (AddParameter): Name = "helpURL"; Value = "https://upverter.com/upn/revision/429fdfafcb133a34/"; VariantName = "[No Variations]"
Change component parameters (AddParameter): Name = "Ipc Land Pattern Name"; Value = "RESAD956W80L600D230"; VariantName = "[No Variations]"
Change component parameters (AddParameter): Name = "Lead Free"; Value = "yes"; VariantName = "[No Variations]"
Change component parameters (AddParameter): Name = "Manufacturer"; Value = "Stackpole Electronics Inc."; VariantName = "[No Variations]"
Change component parameters (AddParameter): Name = "Package"; Value = "Axial"; VariantName = "[No Variations]"
Change component parameters (AddParameter): Name = "Part Number"; Value = "CF14JT1K00"; VariantName = "[No Variations]"
Change component parameters (AddParameter): Name = "Power"; Value = "250mW"; VariantName = "[No Variations]"
Change component parameters (AddParameter): Name = "Price"; Value = "0.018380078196"; VariantName = "[No Variations]"
Change component parameters (AddParameter): Name = "Resistance"; Value = "100O"; VariantName = "[No Variations]"
Change component parameters (AddParameter): Name = "RoHS"; Value = "TRUE"; VariantName = "[No Variations]"
Change component parameters (AddParameter): Name = "Supplier 1"; Value = "Digi-Key"; VariantName = "[No Variations]"
Change component parameters (AddParameter): Name = "Supplier 2"; Value = "Mouser"; VariantName = "[No Variations]"
Change component parameters (AddParameter): Name = "Supplier Part Number 1"; Value = "CF14JT1K00CT-ND"; VariantName = "[No Variations]"
Change component parameters (AddParameter): Name = "Supplier Part Number 2"; Value = ""; VariantName = "[No Variations]"
Change component parameters (AddParameter): Name = "Temperature"; Value = "-55°C to +155°C"; VariantName = "[No Variations]"
Change component parameters (AddParameter): Name = "Temperature Coefficient"; Value = "0/ -400ppm/°C"; VariantName = "[No Variations]"
Change component parameters (AddParameter): Name = "Temperature Range High"; Value = "+155°C"; VariantName = "[No Variations]"
Change component parameters (AddParameter): Name = "Temperature Range Low"; Value = "-55°C"; VariantName = "[No Variations]"
Change component parameters (AddParameter): Name = "Tolerance"; Value = "±5%"; VariantName = "[No Variations]"
Change component parameters (AddParameter): Name = "Value"; Value = "1KO"; VariantName = "[No Variations]"
Change component parameters: Designator = "R4" ("R4"); Footprint = "Stackpole_Electronics_Inc._CF14JT1K00_0"; UniqueID = "\WHNEPBDM" ("\WHNEPBDM")
Change component parameters (AddParameter): Name = "ComponentLink1Description"; Value = "Upverter"; VariantName = "[No Variations]"
Change component parameters (AddParameter): Name = "ComponentLink1URL"; Value = "https://upverter.com/upn/revision/429fdfafcb133a34/"; VariantName = "[No Variations]"
Change component parameters (AddParameter): Name = "ComponentLink2Description"; Value = "Datasheet"; VariantName = "[No Variations]"
Change component parameters (AddParameter): Name = "ComponentLink2URL"; Value = "https://www.seielect.com/catalog/SEI-CF_CFM.pdf"; VariantName = "[No Variations]"
Change component parameters (AddParameter): Name = "Digikey Description"; Value = "RES 1K OHM 1/4W 5% CARBON FILM"; VariantName = "[No Variations]"
Change component parameters (AddParameter): Name = "Digikey Part Number"; Value = "CF14JT1K00CT-ND"; VariantName = "[No Variations]"
Change component parameters (AddParameter): Name = "helpURL"; Value = "https://upverter.com/upn/revision/429fdfafcb133a34/"; VariantName = "[No Variations]"
Change component parameters (AddParameter): Name = "Ipc Land Pattern Name"; Value = "RESAD956W80L600D230"; VariantName = "[No Variations]"
Change component parameters (AddParameter): Name = "Lead Free"; Value = "yes"; VariantName = "[No Variations]"
Change component parameters (AddParameter): Name = "Manufacturer"; Value = "Stackpole Electronics Inc."; VariantName = "[No Variations]"
Change component parameters (AddParameter): Name = "Package"; Value = "Axial"; VariantName = "[No Variations]"
Change component parameters (AddParameter): Name = "Part Number"; Value = "CF14JT1K00"; VariantName = "[No Variations]"
Change component parameters (AddParameter): Name = "Power"; Value = "250mW"; VariantName = "[No Variations]"
Change component parameters (AddParameter): Name = "Price"; Value = "0.018380078196"; VariantName = "[No Variations]"
Change component parameters (AddParameter): Name = "Resistance"; Value = "470O"; VariantName = "[No Variations]"
Change component parameters (AddParameter): Name = "RoHS"; Value = "TRUE"; VariantName = "[No Variations]"
Change component parameters (AddParameter): Name = "Supplier 1"; Value = "Digi-Key"; VariantName = "[No Variations]"
Change component parameters (AddParameter): Name = "Supplier 2"; Value = "Mouser"; VariantName = "[No Variations]"
Change component parameters (AddParameter): Name = "Supplier Part Number 1"; Value = "CF14JT1K00CT-ND"; VariantName = "[No Variations]"
Change component parameters (AddParameter): Name = "Supplier Part Number 2"; Value = ""; VariantName = "[No Variations]"
Change component parameters (AddParameter): Name = "Temperature"; Value = "-55°C to +155°C"; VariantName = "[No Variations]"
Change component parameters (AddParameter): Name = "Temperature Coefficient"; Value = "0/ -400ppm/°C"; VariantName = "[No Variations]"
Change component parameters (AddParameter): Name = "Temperature Range High"; Value = "+155°C"; VariantName = "[No Variations]"
Change component parameters (AddParameter): Name = "Temperature Range Low"; Value = "-55°C"; VariantName = "[No Variations]"
Change component parameters (AddParameter): Name = "Tolerance"; Value = "±5%"; VariantName = "[No Variations]"
Change component parameters (AddParameter): Name = "Value"; Value = "1KO"; VariantName = "[No Variations]"
Change component parameters: Designator = "R5" ("R5"); Footprint = "Stackpole_Electronics_Inc._CF14JT1K00_0"; UniqueID = "\USAVYMFA" ("\USAVYMFA")
Change component parameters (AddParameter): Name = "ComponentLink1Description"; Value = "Upverter"; VariantName = "[No Variations]"
Change component parameters (AddParameter): Name = "ComponentLink1URL"; Value = "https://upverter.com/upn/revision/429fdfafcb133a34/"; VariantName = "[No Variations]"
Change component parameters (AddParameter): Name = "ComponentLink2Description"; Value = "Datasheet"; VariantName = "[No Variations]"
Change component parameters (AddParameter): Name = "ComponentLink2URL"; Value = "https://www.seielect.com/catalog/SEI-CF_CFM.pdf"; VariantName = "[No Variations]"
Change component parameters (AddParameter): Name = "Digikey Description"; Value = "RES 1K OHM 1/4W 5% CARBON FILM"; VariantName = "[No Variations]"
Change component parameters (AddParameter): Name = "Digikey Part Number"; Value = "CF14JT1K00CT-ND"; VariantName = "[No Variations]"
Change component parameters (AddParameter): Name = "helpURL"; Value = "https://upverter.com/upn/revision/429fdfafcb133a34/"; VariantName = "[No Variations]"
Change component parameters (AddParameter): Name = "Ipc Land Pattern Name"; Value = "RESAD956W80L600D230"; VariantName = "[No Variations]"
Change component parameters (AddParameter): Name = "Lead Free"; Value = "yes"; VariantName = "[No Variations]"
Change component parameters (AddParameter): Name = "Manufacturer"; Value = "Stackpole Electronics Inc."; VariantName = "[No Variations]"
Change component parameters (AddParameter): Name = "Package"; Value = "Axial"; VariantName = "[No Variations]"
Change component parameters (AddParameter): Name = "Part Number"; Value = "CF14JT1K00"; VariantName = "[No Variations]"
Change component parameters (AddParameter): Name = "Power"; Value = "250mW"; VariantName = "[No Variations]"
Change component parameters (AddParameter): Name = "Price"; Value = "0.018380078196"; VariantName = "[No Variations]"
Change component parameters (AddParameter): Name = "Resistance"; Value = "10KO"; VariantName = "[No Variations]"
Change component parameters (AddParameter): Name = "RoHS"; Value = "TRUE"; VariantName = "[No Variations]"
Change component parameters (AddParameter): Name = "Supplier 1"; Value = "Digi-Key"; VariantName = "[No Variations]"
Change component parameters (AddParameter): Name = "Supplier 2"; Value = "Mouser"; VariantName = "[No Variations]"
Change component parameters (AddParameter): Name = "Supplier Part Number 1"; Value = "CF14JT1K00CT-ND"; VariantName = "[No Variations]"
Change component parameters (AddParameter): Name = "Supplier Part Number 2"; Value = ""; VariantName = "[No Variations]"
Change component parameters (AddParameter): Name = "Temperature"; Value = "-55°C to +155°C"; VariantName = "[No Variations]"
Change component parameters (AddParameter): Name = "Temperature Coefficient"; Value = "0/ -400ppm/°C"; VariantName = "[No Variations]"
Change component parameters (AddParameter): Name = "Temperature Range High"; Value = "+155°C"; VariantName = "[No Variations]"
Change component parameters (AddParameter): Name = "Temperature Range Low"; Value = "-55°C"; VariantName = "[No Variations]"
Change component parameters (AddParameter): Name = "Tolerance"; Value = "±5%"; VariantName = "[No Variations]"
Change component parameters (AddParameter): Name = "Value"; Value = "1KO"; VariantName = "[No Variations]"
Change component parameters: Designator = "R6" ("R6"); Footprint = "Stackpole_Electronics_Inc._CF14JT1K00_0"; UniqueID = "\ZGGAEYNW" ("\ZGGAEYNW")
Change component parameters (AddParameter): Name = "ComponentLink1Description"; Value = "Upverter"; VariantName = "[No Variations]"
Change component parameters (AddParameter): Name = "ComponentLink1URL"; Value = "https://upverter.com/upn/revision/429fdfafcb133a34/"; VariantName = "[No Variations]"
Change component parameters (AddParameter): Name = "ComponentLink2Description"; Value = "Datasheet"; VariantName = "[No Variations]"
Change component parameters (AddParameter): Name = "ComponentLink2URL"; Value = "https://www.seielect.com/catalog/SEI-CF_CFM.pdf"; VariantName = "[No Variations]"
Change component parameters (AddParameter): Name = "Digikey Description"; Value = "RES 1K OHM 1/4W 5% CARBON FILM"; VariantName = "[No Variations]"
Change component parameters (AddParameter): Name = "Digikey Part Number"; Value = "CF14JT1K00CT-ND"; VariantName = "[No Variations]"
Change component parameters (AddParameter): Name = "helpURL"; Value = "https://upverter.com/upn/revision/429fdfafcb133a34/"; VariantName = "[No Variations]"
Change component parameters (AddParameter): Name = "Ipc Land Pattern Name"; Value = "RESAD956W80L600D230"; VariantName = "[No Variations]"
Change component parameters (AddParameter): Name = "Lead Free"; Value = "yes"; VariantName = "[No Variations]"
Change component parameters (AddParameter): Name = "Manufacturer"; Value = "Stackpole Electronics Inc."; VariantName = "[No Variations]"
Change component parameters (AddParameter): Name = "Package"; Value = "Axial"; VariantName = "[No Variations]"
Change component parameters (AddParameter): Name = "Part Number"; Value = "CF14JT1K00"; VariantName = "[No Variations]"
Change component parameters (AddParameter): Name = "Power"; Value = "250mW"; VariantName = "[No Variations]"
Change component parameters (AddParameter): Name = "Price"; Value = "0.018380078196"; VariantName = "[No Variations]"
Change component parameters (AddParameter): Name = "Resistance"; Value = "470O"; VariantName = "[No Variations]"
Change component parameters (AddParameter): Name = "RoHS"; Value = "TRUE"; VariantName = "[No Variations]"
Change component parameters (AddParameter): Name = "Supplier 1"; Value = "Digi-Key"; VariantName = "[No Variations]"
Change component parameters (AddParameter): Name = "Supplier 2"; Value = "Mouser"; VariantName = "[No Variations]"
Change component parameters (AddParameter): Name = "Supplier Part Number 1"; Value = "CF14JT1K00CT-ND"; VariantName = "[No Variations]"
Change component parameters (AddParameter): Name = "Supplier Part Number 2"; Value = ""; VariantName = "[No Variations]"
Change component parameters (AddParameter): Name = "Temperature"; Value = "-55°C to +155°C"; VariantName = "[No Variations]"
Change component parameters (AddParameter): Name = "Temperature Coefficient"; Value = "0/ -400ppm/°C"; VariantName = "[No Variations]"
Change component parameters (AddParameter): Name = "Temperature Range High"; Value = "+155°C"; VariantName = "[No Variations]"
Change component parameters (AddParameter): Name = "Temperature Range Low"; Value = "-55°C"; VariantName = "[No Variations]"
Change component parameters (AddParameter): Name = "Tolerance"; Value = "±5%"; VariantName = "[No Variations]"
Change component parameters (AddParameter): Name = "Value"; Value = "1KO"; VariantName = "[No Variations]"
Added Component: Designator=VR1(Pot)
Add component (AddParameter): Name = "Category 5C6A91606D4187Ad"; Value = "Resistors"; VariantName = "[No Variations]"
Add component (AddParameter): Name = "Category 69C7A4Cd58F4B200"; Value = "Potentiometers"; VariantName = "[No Variations]"
Add component (AddParameter): Name = "Category 7542B8484461Ae85"; Value = "Passive Components"; VariantName = "[No Variations]"
Add component (AddParameter): Name = "Category Cda900A3Fc9B166E"; Value = "Potentiometers and Accessories"; VariantName = "[No Variations]"
Add component (AddParameter): Name = "ComponentLink1Description"; Value = "Upverter"; VariantName = "[No Variations]"
Add component (AddParameter): Name = "ComponentLink1URL"; Value = "https://upverter.com/upn/revision/f11aaf2c61d2858c/"; VariantName = "[No Variations]"
Add component (AddParameter): Name = "ComponentLink2Description"; Value = "Datasheet"; VariantName = "[No Variations]"
Add component (AddParameter): Name = "ComponentLink2URL"; Value = "http://www.ttelectronics.com/sites/default/files/download-files/Datasheet_RotaryPanelPot_P160series.pdf"; VariantName = "[No Variations]"
Add component (AddParameter): Name = "Digikey Description"; Value = "RES 10k Ohm 1 Gang Linear Panel Mount Potentiometer None 1 Turn Conductive Plastic 0.2W, 1/5W PC Pins"; VariantName = "[No Variations]"
Add component (AddParameter): Name = "Digikey Part Number"; Value = "987-1308-ND"; VariantName = "[No Variations]"
Add component (AddParameter): Name = "helpURL"; Value = "https://upverter.com/upn/revision/f11aaf2c61d2858c/"; VariantName = "[No Variations]"
Add component (AddParameter): Name = "Lead Free"; Value = "yes"; VariantName = "[No Variations]"
Add component (AddParameter): Name = "Manufacturer"; Value = "TT Electronics"; VariantName = "[No Variations]"
Add component (AddParameter): Name = "Mounting Type"; Value = "pcb"; VariantName = "[No Variations]"
Add component (AddParameter): Name = "Mouser Part Number"; Value = "858-P160KN0QD15B10K"; VariantName = "[No Variations]"
Add component (AddParameter): Name = "Num Pins"; Value = "3"; VariantName = "[No Variations]"
Add component (AddParameter): Name = "Octopart Part Number"; Value = "ff213646e5e620e6"; VariantName = "[No Variations]"
Add component (AddParameter): Name = "Package"; Value = "PTH_POT_24MM5_17MM0"; VariantName = "[No Variations]"
Add component (AddParameter): Name = "Part Number"; Value = "1K"; VariantName = "[No Variations]"
Add component (AddParameter): Name = "Power"; Value = "200mW"; VariantName = "[No Variations]"
Add component (AddParameter): Name = "power_rating"; Value = "200 mW"; VariantName = "[No Variations]"
Add component (AddParameter): Name = "Price"; Value = "0.563263552357"; VariantName = "[No Variations]"
Add component (AddParameter): Name = "Resistance"; Value = "10kO"; VariantName = "[No Variations]"
Add component (AddParameter): Name = "resistance_tolerance"; Value = "±20%"; VariantName = "[No Variations]"
Add component (AddParameter): Name = "RoHS"; Value = "TRUE"; VariantName = "[No Variations]"
Add component (AddParameter): Name = "Rotation"; Value = "300°"; VariantName = "[No Variations]"
Add component (AddParameter): Name = "Supplier 1"; Value = "Digi-Key"; VariantName = "[No Variations]"
Add component (AddParameter): Name = "Supplier 2"; Value = "Mouser"; VariantName = "[No Variations]"
Add component (AddParameter): Name = "Supplier Part Number 1"; Value = "987-1308-ND"; VariantName = "[No Variations]"
Add component (AddParameter): Name = "Supplier Part Number 2"; Value = "858-P160KN0QD15B10K"; VariantName = "[No Variations]"
Add component (AddParameter): Name = "Symbol 0 0"; Value = "Potentiometer"; VariantName = "[No Variations]"
Add component (AddParameter): Name = "Temperature"; Value = "-20°C to +70°C"; VariantName = "[No Variations]"
Add component (AddParameter): Name = "Temperature Range High"; Value = "+70°C"; VariantName = "[No Variations]"
Add component (AddParameter): Name = "Temperature Range Low"; Value = "-20°C"; VariantName = "[No Variations]"
Add component (AddParameter): Name = "Type"; Value = "resistor"; VariantName = "[No Variations]"
Add component (AddParameter): Name = "Value"; Value = "10kO"; VariantName = "[No Variations]"
Added Pin To Net: NetName=NetD2_1 Pin=U3-2
Added Pin To Net: NetName=NetR2_1 Pin=VR1-1
Added Pin To Net: NetName=NetR6_2 Pin=VR1-2
Added Pin To Net: NetName=NetR6_2 Pin=VR1-3
Added Member To Class: ClassName=Sheet1 Member=Component VR1 Pot
Added Room: Name=Sheet1
